  oplaydo1-i18n [ca]: Created mo file.
  oplaydo1-i18n [cs]: Created mo file.
  oplaydo1-i18n [da]: Created mo file.
  oplaydo1-i18n [de]: Created mo file.
  oplaydo1-i18n [el]: Created mo file.
  oplaydo1-i18n [es]: Created mo file.
  oplaydo1-i18n [et]: Created mo file.
  oplaydo1-i18n [fi]: Created mo file.
  oplaydo1-i18n [fr]: Created mo file.
  oplaydo1-i18n [gl]: Created mo file.
  oplaydo1-i18n [hu]: Created mo file.
  oplaydo1-i18n [it]: Created mo file.
  oplaydo1-i18n [ja]: Created mo file.
  oplaydo1-i18n [nb]: Created mo file.
  oplaydo1-i18n [nl]: Created mo file.
  oplaydo1-i18n [pl]: Created mo file.
  oplaydo1-i18n [pt]: Created mo file.
  oplaydo1-i18n [ru]: Created mo file.
  oplaydo1-i18n [sv]: Created mo file.
  oplaydo1-i18n [tr]: Created mo file.
  oplaydo1-i18n [vi]: Created mo file.
  oplaydo1-i18n [zh]: Created mo file.
  Building Custom Rule C:/Users/Mike/Documents/GitHub/oplaydo1_pi/CMakeLists.txt
  oplaydo1_pi-i18n: Done.
